[1008/140932.834:ERROR:process_reader_win.cc(123)] NtOpenThread: {Отказано в доступе} Процесс запросил доступ к объекту, но права на доступ не предоставлены. (0xc0000022)
[1008/140932.836:ERROR:exception_snapshot_win.cc(99)] thread ID 45280 not found in process
[1008/140933.591:ERROR:process_reader_win.cc(123)] NtOpenThread: {Отказано в доступе} Процесс запросил доступ к объекту, но права на доступ не предоставлены. (0xc0000022)
[1008/140933.592:ERROR:exception_snapshot_win.cc(99)] thread ID 47800 not found in process
[1008/141035.115:ERROR:process_reader_win.cc(123)] NtOpenThread: {Отказано в доступе} Процесс запросил доступ к объекту, но права на доступ не предоставлены. (0xc0000022)
[1008/141035.117:ERROR:exception_snapshot_win.cc(99)] thread ID 47316 not found in process
[1008/141035.265:ERROR:process_reader_win.cc(123)] NtOpenThread: {Отказано в доступе} Процесс запросил доступ к объекту, но права на доступ не предоставлены. (0xc0000022)
[1008/141035.266:ERROR:exception_snapshot_win.cc(99)] thread ID 24016 not found in process
[1008/141142.584:ERROR:process_reader_win.cc(123)] NtOpenThread: {Отказано в доступе} Процесс запросил доступ к объекту, но права на доступ не предоставлены. (0xc0000022)
[1008/141142.585:ERROR:exception_snapshot_win.cc(99)] thread ID 41896 not found in process
[1008/141142.903:ERROR:process_reader_win.cc(123)] NtOpenThread: {Отказано в доступе} Процесс запросил доступ к объекту, но права на доступ не предоставлены. (0xc0000022)
[1008/141142.903:ERROR:exception_snapshot_win.cc(99)] thread ID 35696 not found in process
[1008/141314.635:ERROR:process_reader_win.cc(123)] NtOpenThread: {Отказано в доступе} Процесс запросил доступ к объекту, но права на доступ не предоставлены. (0xc0000022)
[1008/141314.636:ERROR:exception_snapshot_win.cc(99)] thread ID 40748 not found in process
[1008/141314.665:ERROR:process_info.cc(329)] VirtualQueryEx: Отказано в доступе. (0x5)
[1008/141314.665:ERROR:process_info.cc(556)] ReadMemoryInfo failed
[1008/141314.665:ERROR:process_memory_win.cc(39)] Failed to initialize ProcessInfo.
[1008/141314.665:ERROR:scoped_process_suspend.cc(40)] NtResumeProcess: Попытка доступа к процессу, выполняющему процедуру завершения. (0xc000010a)
[1008/141437.478:ERROR:process_reader_win.cc(123)] NtOpenThread: {Отказано в доступе} Процесс запросил доступ к объекту, но права на доступ не предоставлены. (0xc0000022)
[1008/141437.480:ERROR:exception_snapshot_win.cc(99)] thread ID 45500 not found in process
[1008/141437.548:ERROR:process_reader_win.cc(123)] NtOpenThread: {Отказано в доступе} Процесс запросил доступ к объекту, но права на доступ не предоставлены. (0xc0000022)
[1008/141437.549:ERROR:exception_snapshot_win.cc(99)] thread ID 46912 not found in process
[1008/141437.903:ERROR:process_reader_win.cc(123)] NtOpenThread: {Отказано в доступе} Процесс запросил доступ к объекту, но права на доступ не предоставлены. (0xc0000022)
[1008/141437.903:ERROR:exception_snapshot_win.cc(99)] thread ID 33780 not found in process
[1008/141535.341:ERROR:process_reader_win.cc(123)] NtOpenThread: {Отказано в доступе} Процесс запросил доступ к объекту, но права на доступ не предоставлены. (0xc0000022)
[1008/141535.342:ERROR:exception_snapshot_win.cc(99)] thread ID 39852 not found in process
[1008/141535.949:ERROR:process_reader_win.cc(123)] NtOpenThread: {Отказано в доступе} Процесс запросил доступ к объекту, но права на доступ не предоставлены. (0xc0000022)
[1008/141535.950:ERROR:exception_snapshot_win.cc(99)] thread ID 46948 not found in process
[1008/141726.812:ERROR:process_reader_win.cc(123)] NtOpenThread: {Отказано в доступе} Процесс запросил доступ к объекту, но права на доступ не предоставлены. (0xc0000022)
[1008/141726.813:ERROR:exception_snapshot_win.cc(99)] thread ID 22148 not found in process
[1008/141726.834:ERROR:process_info.cc(329)] VirtualQueryEx: Отказано в доступе. (0x5)
[1008/141726.835:ERROR:process_info.cc(556)] ReadMemoryInfo failed
[1008/141726.835:ERROR:process_memory_win.cc(39)] Failed to initialize ProcessInfo.
[1008/141726.836:ERROR:scoped_process_suspend.cc(40)] NtResumeProcess: Попытка доступа к процессу, выполняющему процедуру завершения. (0xc000010a)
[1008/141749.814:ERROR:process_reader_win.cc(123)] NtOpenThread: {Отказано в доступе} Процесс запросил доступ к объекту, но права на доступ не предоставлены. (0xc0000022)
[1008/141749.816:ERROR:exception_snapshot_win.cc(99)] thread ID 48024 not found in process
[1008/141749.875:ERROR:process_reader_win.cc(123)] NtOpenThread: {Отказано в доступе} Процесс запросил доступ к объекту, но права на доступ не предоставлены. (0xc0000022)
[1008/141749.876:ERROR:exception_snapshot_win.cc(99)] thread ID 44612 not found in process
[1008/141750.293:ERROR:process_reader_win.cc(123)] NtOpenThread: {Отказано в доступе} Процесс запросил доступ к объекту, но права на доступ не предоставлены. (0xc0000022)
[1008/141750.293:ERROR:exception_snapshot_win.cc(99)] thread ID 19276 not found in process
[1008/142715.752:ERROR:process_reader_win.cc(123)] NtOpenThread: {Отказано в доступе} Процесс запросил доступ к объекту, но права на доступ не предоставлены. (0xc0000022)
[1008/142715.754:ERROR:exception_snapshot_win.cc(99)] thread ID 46220 not found in process
[1008/142716.072:ERROR:process_reader_win.cc(123)] NtOpenThread: {Отказано в доступе} Процесс запросил доступ к объекту, но права на доступ не предоставлены. (0xc0000022)
[1008/142716.073:ERROR:exception_snapshot_win.cc(99)] thread ID 44152 not found in process
[1008/142933.170:ERROR:process_reader_win.cc(123)] NtOpenThread: {Отказано в доступе} Процесс запросил доступ к объекту, но права на доступ не предоставлены. (0xc0000022)
[1008/142933.171:ERROR:exception_snapshot_win.cc(99)] thread ID 45468 not found in process
[1008/142933.366:ERROR:process_reader_win.cc(123)] NtOpenThread: {Отказано в доступе} Процесс запросил доступ к объекту, но права на доступ не предоставлены. (0xc0000022)
[1008/142933.366:ERROR:exception_snapshot_win.cc(99)] thread ID 3788 not found in process
[1008/143011.573:ERROR:process_reader_win.cc(123)] NtOpenThread: {Отказано в доступе} Процесс запросил доступ к объекту, но права на доступ не предоставлены. (0xc0000022)
[1008/143011.574:ERROR:exception_snapshot_win.cc(99)] thread ID 41676 not found in process
[1008/143011.695:ERROR:process_reader_win.cc(123)] NtOpenThread: {Отказано в доступе} Процесс запросил доступ к объекту, но права на доступ не предоставлены. (0xc0000022)
[1008/143011.695:ERROR:exception_snapshot_win.cc(99)] thread ID 47648 not found in process
[1008/151610.911:ERROR:process_reader_win.cc(123)] NtOpenThread: {Отказано в доступе} Процесс запросил доступ к объекту, но права на доступ не предоставлены. (0xc0000022)
[1008/151610.913:ERROR:exception_snapshot_win.cc(99)] thread ID 11280 not found in process
[1008/151611.193:ERROR:process_reader_win.cc(123)] NtOpenThread: {Отказано в доступе} Процесс запросил доступ к объекту, но права на доступ не предоставлены. (0xc0000022)
[1008/151611.193:ERROR:exception_snapshot_win.cc(99)] thread ID 47108 not found in process
[1008/151611.235:ERROR:process_reader_win.cc(123)] NtOpenThread: {Отказано в доступе} Процесс запросил доступ к объекту, но права на доступ не предоставлены. (0xc0000022)
[1008/151611.235:ERROR:exception_snapshot_win.cc(99)] thread ID 34232 not found in process
[1008/152939.990:ERROR:process_reader_win.cc(123)] NtOpenThread: {Отказано в доступе} Процесс запросил доступ к объекту, но права на доступ не предоставлены. (0xc0000022)
[1008/152939.991:ERROR:exception_snapshot_win.cc(99)] thread ID 46552 not found in process
[1008/152940.101:ERROR:process_reader_win.cc(123)] NtOpenThread: {Отказано в доступе} Процесс запросил доступ к объекту, но права на доступ не предоставлены. (0xc0000022)
[1008/152940.102:ERROR:exception_snapshot_win.cc(99)] thread ID 46596 not found in process
[1008/153023.274:ERROR:process_reader_win.cc(123)] NtOpenThread: {Отказано в доступе} Процесс запросил доступ к объекту, но права на доступ не предоставлены. (0xc0000022)
[1008/153023.275:ERROR:exception_snapshot_win.cc(99)] thread ID 37876 not found in process
[1008/153023.346:ERROR:process_reader_win.cc(123)] NtOpenThread: {Отказано в доступе} Процесс запросил доступ к объекту, но права на доступ не предоставлены. (0xc0000022)
[1008/153023.347:ERROR:exception_snapshot_win.cc(99)] thread ID 23408 not found in process
[1008/172411.969:ERROR:process_reader_win.cc(123)] NtOpenThread: {Отказано в доступе} Процесс запросил доступ к объекту, но права на доступ не предоставлены. (0xc0000022)
[1008/172411.971:ERROR:exception_snapshot_win.cc(99)] thread ID 47880 not found in process
[1008/172807.635:ERROR:process_reader_win.cc(123)] NtOpenThread: {Отказано в доступе} Процесс запросил доступ к объекту, но права на доступ не предоставлены. (0xc0000022)
[1008/172807.637:ERROR:exception_snapshot_win.cc(99)] thread ID 46372 not found in process
[1008/172807.759:ERROR:process_reader_win.cc(123)] NtOpenThread: {Отказано в доступе} Процесс запросил доступ к объекту, но права на доступ не предоставлены. (0xc0000022)
[1008/172807.759:ERROR:exception_snapshot_win.cc(99)] thread ID 45368 not found in process
[1008/172807.787:ERROR:process_reader_win.cc(123)] NtOpenThread: {Отказано в доступе} Процесс запросил доступ к объекту, но права на доступ не предоставлены. (0xc0000022)
[1008/172807.788:ERROR:exception_snapshot_win.cc(99)] thread ID 1288 not found in process
[1008/172920.801:ERROR:process_reader_win.cc(123)] NtOpenThread: {Отказано в доступе} Процесс запросил доступ к объекту, но права на доступ не предоставлены. (0xc0000022)
[1008/172920.802:ERROR:exception_snapshot_win.cc(99)] thread ID 42188 not found in process
[1008/172920.905:ERROR:process_reader_win.cc(123)] NtOpenThread: {Отказано в доступе} Процесс запросил доступ к объекту, но права на доступ не предоставлены. (0xc0000022)
[1008/172920.906:ERROR:exception_snapshot_win.cc(99)] thread ID 42320 not found in process
[1008/173009.781:ERROR:process_reader_win.cc(123)] NtOpenThread: {Отказано в доступе} Процесс запросил доступ к объекту, но права на доступ не предоставлены. (0xc0000022)
[1008/173009.782:ERROR:exception_snapshot_win.cc(99)] thread ID 45720 not found in process
[1008/173010.193:ERROR:process_reader_win.cc(123)] NtOpenThread: {Отказано в доступе} Процесс запросил доступ к объекту, но права на доступ не предоставлены. (0xc0000022)
[1008/173010.193:ERROR:exception_snapshot_win.cc(99)] thread ID 41316 not found in process
[1008/173207.089:ERROR:process_reader_win.cc(123)] NtOpenThread: {Отказано в доступе} Процесс запросил доступ к объекту, но права на доступ не предоставлены. (0xc0000022)
[1008/173207.090:ERROR:exception_snapshot_win.cc(99)] thread ID 40088 not found in process
[1008/173207.438:ERROR:process_reader_win.cc(123)] NtOpenThread: {Отказано в доступе} Процесс запросил доступ к объекту, но права на доступ не предоставлены. (0xc0000022)
[1008/173207.438:ERROR:exception_snapshot_win.cc(99)] thread ID 45244 not found in process
[1008/173839.773:ERROR:process_reader_win.cc(123)] NtOpenThread: {Отказано в доступе} Процесс запросил доступ к объекту, но права на доступ не предоставлены. (0xc0000022)
[1008/173839.774:ERROR:exception_snapshot_win.cc(99)] thread ID 45756 not found in process
[1008/173840.024:ERROR:process_reader_win.cc(123)] NtOpenThread: {Отказано в доступе} Процесс запросил доступ к объекту, но права на доступ не предоставлены. (0xc0000022)
[1008/173840.025:ERROR:exception_snapshot_win.cc(99)] thread ID 47788 not found in process
[1008/173840.223:ERROR:process_reader_win.cc(123)] NtOpenThread: {Отказано в доступе} Процесс запросил доступ к объекту, но права на доступ не предоставлены. (0xc0000022)
[1008/173840.223:ERROR:exception_snapshot_win.cc(99)] thread ID 43592 not found in process
[1008/214407.397:ERROR:process_reader_win.cc(123)] NtOpenThread: {Отказано в доступе} Процесс запросил доступ к объекту, но права на доступ не предоставлены. (0xc0000022)
[1008/214407.398:ERROR:exception_snapshot_win.cc(99)] thread ID 43520 not found in process
[1008/214407.527:ERROR:process_reader_win.cc(123)] NtOpenThread: {Отказано в доступе} Процесс запросил доступ к объекту, но права на доступ не предоставлены. (0xc0000022)
[1008/214407.527:ERROR:exception_snapshot_win.cc(99)] thread ID 45440 not found in process
[1008/214407.675:ERROR:process_reader_win.cc(123)] NtOpenThread: {Отказано в доступе} Процесс запросил доступ к объекту, но права на доступ не предоставлены. (0xc0000022)
[1008/214407.675:ERROR:exception_snapshot_win.cc(99)] thread ID 40852 not found in process
[1016/131023.118:ERROR:process_reader_win.cc(123)] NtOpenThread: {Отказано в доступе} Процесс запросил доступ к объекту, но права на доступ не предоставлены. (0xc0000022)
[1016/131023.120:ERROR:exception_snapshot_win.cc(99)] thread ID 18468 not found in process
[1016/131023.150:ERROR:process_reader_win.cc(123)] NtOpenThread: {Отказано в доступе} Процесс запросил доступ к объекту, но права на доступ не предоставлены. (0xc0000022)
[1016/131023.151:ERROR:exception_snapshot_win.cc(99)] thread ID 19032 not found in process
[1016/131023.184:ERROR:process_reader_win.cc(123)] NtOpenThread: {Отказано в доступе} Процесс запросил доступ к объекту, но права на доступ не предоставлены. (0xc0000022)
[1016/131023.184:ERROR:exception_snapshot_win.cc(99)] thread ID 20076 not found in process
[1016/131307.847:ERROR:process_reader_win.cc(123)] NtOpenThread: {Отказано в доступе} Процесс запросил доступ к объекту, но права на доступ не предоставлены. (0xc0000022)
[1016/131307.849:ERROR:exception_snapshot_win.cc(99)] thread ID 12816 not found in process
[1016/131307.962:ERROR:process_reader_win.cc(123)] NtOpenThread: {Отказано в доступе} Процесс запросил доступ к объекту, но права на доступ не предоставлены. (0xc0000022)
[1016/131307.963:ERROR:exception_snapshot_win.cc(99)] thread ID 16544 not found in process
[1016/131730.372:ERROR:process_reader_win.cc(123)] NtOpenThread: {Отказано в доступе} Процесс запросил доступ к объекту, но права на доступ не предоставлены. (0xc0000022)
[1016/131730.374:ERROR:exception_snapshot_win.cc(99)] thread ID 13344 not found in process
[1016/131730.378:ERROR:process_reader_win.cc(123)] NtOpenThread: {Отказано в доступе} Процесс запросил доступ к объекту, но права на доступ не предоставлены. (0xc0000022)
[1016/131730.378:ERROR:exception_snapshot_win.cc(99)] thread ID 16500 not found in process
[1016/132005.387:ERROR:process_reader_win.cc(123)] NtOpenThread: {Отказано в доступе} Процесс запросил доступ к объекту, но права на доступ не предоставлены. (0xc0000022)
[1016/132005.388:ERROR:exception_snapshot_win.cc(99)] thread ID 7264 not found in process
[1016/132005.533:ERROR:process_reader_win.cc(123)] NtOpenThread: {Отказано в доступе} Процесс запросил доступ к объекту, но права на доступ не предоставлены. (0xc0000022)
[1016/132005.533:ERROR:exception_snapshot_win.cc(99)] thread ID 8908 not found in process
[1016/132110.662:ERROR:process_reader_win.cc(123)] NtOpenThread: {Отказано в доступе} Процесс запросил доступ к объекту, но права на доступ не предоставлены. (0xc0000022)
[1016/132110.663:ERROR:exception_snapshot_win.cc(99)] thread ID 6580 not found in process
[1016/132110.695:ERROR:process_reader_win.cc(123)] NtOpenThread: {Отказано в доступе} Процесс запросил доступ к объекту, но права на доступ не предоставлены. (0xc0000022)
[1016/132110.695:ERROR:exception_snapshot_win.cc(99)] thread ID 6468 not found in process
[1016/132110.729:ERROR:process_reader_win.cc(123)] NtOpenThread: {Отказано в доступе} Процесс запросил доступ к объекту, но права на доступ не предоставлены. (0xc0000022)
[1016/132110.729:ERROR:exception_snapshot_win.cc(99)] thread ID 12812 not found in process
[1016/132215.041:ERROR:process_reader_win.cc(123)] NtOpenThread: {Отказано в доступе} Процесс запросил доступ к объекту, но права на доступ не предоставлены. (0xc0000022)
[1016/132215.043:ERROR:exception_snapshot_win.cc(99)] thread ID 6124 not found in process
[1016/132215.115:ERROR:process_reader_win.cc(123)] NtOpenThread: {Отказано в доступе} Процесс запросил доступ к объекту, но права на доступ не предоставлены. (0xc0000022)
[1016/132215.116:ERROR:exception_snapshot_win.cc(99)] thread ID 18664 not found in process
[1016/132215.183:ERROR:process_reader_win.cc(123)] NtOpenThread: {Отказано в доступе} Процесс запросил доступ к объекту, но права на доступ не предоставлены. (0xc0000022)
[1016/132215.183:ERROR:exception_snapshot_win.cc(99)] thread ID 18272 not found in process
[1016/132433.160:ERROR:process_reader_win.cc(123)] NtOpenThread: {Отказано в доступе} Процесс запросил доступ к объекту, но права на доступ не предоставлены. (0xc0000022)
[1016/132433.161:ERROR:exception_snapshot_win.cc(99)] thread ID 2456 not found in process
[1016/132433.247:ERROR:process_reader_win.cc(123)] NtOpenThread: {Отказано в доступе} Процесс запросил доступ к объекту, но права на доступ не предоставлены. (0xc0000022)
[1016/132433.247:ERROR:exception_snapshot_win.cc(99)] thread ID 8292 not found in process
[1016/132433.519:ERROR:process_reader_win.cc(123)] NtOpenThread: {Отказано в доступе} Процесс запросил доступ к объекту, но права на доступ не предоставлены. (0xc0000022)
[1016/132433.520:ERROR:exception_snapshot_win.cc(99)] thread ID 8424 not found in process
[1016/140422.328:ERROR:process_reader_win.cc(123)] NtOpenThread: {Отказано в доступе} Процесс запросил доступ к объекту, но права на доступ не предоставлены. (0xc0000022)
[1016/140422.329:ERROR:exception_snapshot_win.cc(99)] thread ID 11288 not found in process
[1016/140422.382:ERROR:process_reader_win.cc(123)] NtOpenThread: {Отказано в доступе} Процесс запросил доступ к объекту, но права на доступ не предоставлены. (0xc0000022)
[1016/140422.382:ERROR:exception_snapshot_win.cc(99)] thread ID 14532 not found in process
[1016/140422.434:ERROR:process_reader_win.cc(123)] NtOpenThread: {Отказано в доступе} Процесс запросил доступ к объекту, но права на доступ не предоставлены. (0xc0000022)
[1016/140422.434:ERROR:exception_snapshot_win.cc(99)] thread ID 16680 not found in process
[1016/140502.794:ERROR:process_reader_win.cc(123)] NtOpenThread: {Отказано в доступе} Процесс запросил доступ к объекту, но права на доступ не предоставлены. (0xc0000022)
[1016/140502.795:ERROR:exception_snapshot_win.cc(99)] thread ID 11588 not found in process
[1016/140502.842:ERROR:process_reader_win.cc(123)] NtOpenThread: {Отказано в доступе} Процесс запросил доступ к объекту, но права на доступ не предоставлены. (0xc0000022)
[1016/140502.842:ERROR:exception_snapshot_win.cc(99)] thread ID 17824 not found in process
[1016/140502.989:ERROR:process_reader_win.cc(123)] NtOpenThread: {Отказано в доступе} Процесс запросил доступ к объекту, но права на доступ не предоставлены. (0xc0000022)
[1016/140502.990:ERROR:exception_snapshot_win.cc(99)] thread ID 19012 not found in process
[1016/142823.480:ERROR:process_reader_win.cc(123)] NtOpenThread: {Отказано в доступе} Процесс запросил доступ к объекту, но права на доступ не предоставлены. (0xc0000022)
[1016/142823.481:ERROR:exception_snapshot_win.cc(99)] thread ID 5900 not found in process
[1016/142823.641:ERROR:process_reader_win.cc(123)] NtOpenThread: {Отказано в доступе} Процесс запросил доступ к объекту, но права на доступ не предоставлены. (0xc0000022)
[1016/142823.641:ERROR:exception_snapshot_win.cc(99)] thread ID 16736 not found in process
[1016/143036.582:ERROR:process_reader_win.cc(123)] NtOpenThread: {Отказано в доступе} Процесс запросил доступ к объекту, но права на доступ не предоставлены. (0xc0000022)
[1016/143036.583:ERROR:exception_snapshot_win.cc(99)] thread ID 2952 not found in process
[1016/143621.984:ERROR:process_reader_win.cc(123)] NtOpenThread: {Отказано в доступе} Процесс запросил доступ к объекту, но права на доступ не предоставлены. (0xc0000022)
[1016/143621.985:ERROR:exception_snapshot_win.cc(99)] thread ID 18964 not found in process
[1016/143622.048:ERROR:process_reader_win.cc(123)] NtOpenThread: {Отказано в доступе} Процесс запросил доступ к объекту, но права на доступ не предоставлены. (0xc0000022)
[1016/143622.048:ERROR:exception_snapshot_win.cc(99)] thread ID 4660 not found in process
